<?xml version="1.0" encoding="UTF-8"?>
<!-- Generated by org.testng.reporters.JUnitXMLReporter -->
<testsuite ignored="0" hostname="DESKTOP-OGE9NC4" failures="0" tests="3" name="Submit Order Test" time="44.628" errors="0" timestamp="2026-04-29T10:36:48 IST">
  <testcase classname="seleniumFrameworkDesign.SubmitOrderTest" name="submitOrder" time="7.021"/>
  <testcase classname="seleniumFrameworkDesign.SubmitOrderTest" name="submitOrder" time="6.694"/>
  <testcase classname="seleniumFrameworkDesign.SubmitOrderTest" name="OrderHistoryTest" time="1.772"/>
</testsuite> <!-- Submit Order Test -->
