<?xml version="1.0" encoding="UTF-8"?>
<!-- Generated by org.testng.reporters.JUnitReportReporter -->
<testsuite hostname="DESKTOP-OGE9NC4" failures="0" tests="3" name="seleniumFrameworkDesign.SubmitOrderTest" time="43.812" errors="0" timestamp="2026-04-29T10:36:55 IST" skipped="0">
  <testcase classname="seleniumFrameworkDesign.SubmitOrderTest" name="submitOrder" time="15.960"/>
  <testcase classname="seleniumFrameworkDesign.SubmitOrderTest" name="OrderHistoryTest" time="9.988"/>
  <testcase classname="seleniumFrameworkDesign.SubmitOrderTest" name="submitOrder" time="17.864"/>
</testsuite> <!-- seleniumFrameworkDesign.SubmitOrderTest -->
